2024-09-22 23:04:07.859 [main] INFO  org.example.Main - event=application_start status=success message='Starting the calculator application'
2024-09-22 23:04:10.051 [main] INFO  org.example.Main - event=operation_selected operation=1 status=success
2024-09-22 23:04:10.860 [main] INFO  org.example.Main - event=sqrt_calculation operand=5.0 result=2.23606797749979 status=success
2024-09-22 23:04:12.448 [main] INFO  org.example.Main - event=operation_selected operation=2 status=success
2024-09-22 23:04:13.243 [main] INFO  org.example.Main - event=factorial_calculation operand=6 result=720 status=success
2024-09-22 23:04:16.021 [main] INFO  org.example.Main - event=operation_selected operation=3 status=success
2024-09-22 23:04:17.357 [main] INFO  org.example.Main - event=log_calculation operand=6563432.0 result=15.697024194845884 status=success
2024-09-22 23:04:20.252 [main] INFO  org.example.Main - event=operation_selected operation=4 status=success
2024-09-22 23:04:23.234 [main] INFO  org.example.Main - event=power_calculation base=3.0 exponent=1.0 result=3.0 status=success
2024-09-22 23:04:24.795 [main] INFO  org.example.Main - event=operation_selected operation=0 status=success
2024-09-22 23:04:24.795 [main] INFO  org.example.Main - event=application_exit status=success message='Exiting the application'
2024-09-26 15:37:52.573 [main] ERROR org.example.Main - event=sqrt_calculation input='abc' status=failure message='Invalid input for sqrt operation' error_type=NumberFormatException
2024-09-26 15:37:52.585 [main] ERROR org.example.Main - event=sqrt_calculation input=-4 status=failure message='Square root of a negative number is not allowed.' error_type=IllegalArgumentException
2024-09-26 15:37:52.588 [main] INFO  org.example.Main - event=log_calculation operand=10.0 result=2.302585092994046 status=success
2024-09-26 15:37:52.592 [main] INFO  org.example.Main - event=sqrt_calculation operand=16.0 result=4.0 status=success
2024-09-26 15:37:52.594 [main] ERROR org.example.Main - event=log_calculation input=-2 status=failure message='Logarithm of zero or negative number is not allowed.' error_type=IllegalArgumentException
2024-09-26 15:37:52.600 [main] ERROR org.example.Main - event=power_calculation status=failure message='Invalid input for power operation' error_type=NumberFormatException
2024-09-26 15:37:52.602 [main] INFO  org.example.Main - event=power_calculation base=2.0 exponent=3.0 result=8.0 status=success
2024-09-26 15:37:52.604 [main] ERROR org.example.Main - event=log_calculation input='abc' status=failure message='Invalid input for logarithm operation' error_type=NumberFormatException
2024-09-26 15:37:52.606 [main] INFO  org.example.Main - event=factorial_calculation operand=5 result=120 status=success
2024-09-26 15:37:52.607 [main] ERROR org.example.Main - event=factorial_calculation input='abc' status=failure message='Invalid input for factorial operation' error_type=NumberFormatException
2024-09-26 15:37:52.609 [main] ERROR org.example.Main - event=factorial_calculation input=-5 status=failure message='Factorial of a negative number is not defined.' error_type=IllegalArgumentException
2024-09-26 17:03:12.656 [main] INFO  org.example.Main - Starting the calculator application
2024-09-26 17:03:15.075 [main] INFO  org.example.Main - Operation selected: 0
2024-09-26 17:03:15.075 [main] INFO  org.example.Main - Exiting the application
2024-09-30 00:58:13.587 [main] ERROR org.example.Main - Invalid input for sqrt operation: 'abc'. Error: For input string: "abc"
2024-09-30 00:58:13.597 [main] ERROR org.example.Main - Error in sqrt calculation: Square root of a negative number is not allowed.. Input: -4
2024-09-30 00:58:13.600 [main] INFO  org.example.Main - Logarithm calculation: operand = 10.0, result = 2.302585092994046
2024-09-30 00:58:13.603 [main] INFO  org.example.Main - Square root calculation: operand = 16.0, result = 4.0
2024-09-30 00:58:13.605 [main] ERROR org.example.Main - Error in logarithm calculation: Logarithm of zero or negative number is not allowed.. Input: -2
2024-09-30 00:58:13.608 [main] ERROR org.example.Main - Invalid input for power operation. Error: For input string: "two"
2024-09-30 00:58:13.611 [main] INFO  org.example.Main - Power calculation: base = 2.0, exponent = 3.0, result = 8.0
2024-09-30 00:58:13.613 [main] ERROR org.example.Main - Invalid input for logarithm operation: 'abc'. Error: For input string: "abc"
2024-09-30 00:58:13.615 [main] INFO  org.example.Main - Factorial calculation: operand = 5, result = 120
2024-09-30 00:58:13.617 [main] ERROR org.example.Main - Invalid input for factorial operation: 'abc'. Error: For input string: "abc"
2024-09-30 00:58:13.620 [main] ERROR org.example.Main - Error in factorial calculation: Factorial of a negative number is not defined.. Input: -5
2024-09-30 00:58:09.220 [main] INFO  org.example.Main - Starting the calculator application
2024-09-30 00:59:05.637 [main] INFO  org.example.Main - Starting the calculator application
2024-09-30 00:59:08.263 [main] INFO  org.example.Main - Operation selected: 2
2024-09-30 00:59:09.450 [main] INFO  org.example.Main - Factorial calculation: operand = 16, result = 20922789888000
2024-09-30 00:59:50.046 [main] INFO  org.example.Main - Operation selected: 1
2024-09-30 00:59:51.318 [main] INFO  org.example.Main - Square root calculation: operand = 16.0, result = 4.0
2024-09-30 01:00:00.268 [main] INFO  org.example.Main - Operation selected: 3
2024-09-30 01:00:02.309 [main] INFO  org.example.Main - Logarithm calculation: operand = 10.0, result = 2.302585092994046
2024-09-30 01:00:09.089 [main] INFO  org.example.Main - Operation selected: 0
2024-09-30 01:00:09.089 [main] INFO  org.example.Main - Exiting the application
2024-10-16 13:29:56.808 [main] INFO  org.example.Main - Starting the calculator application
2024-10-16 13:30:02.325 [main] INFO  org.example.Main - Operation selected: 2
2024-10-16 13:30:07.533 [main] INFO  org.example.Main - Factorial calculation: operand = 4, result = 24
2024-10-16 13:30:09.350 [main] INFO  org.example.Main - Operation selected: 1
2024-10-16 13:30:10.641 [main] INFO  org.example.Main - Square root calculation: operand = 532.0, result = 23.065125189341593
2024-10-16 13:30:13.263 [main] INFO  org.example.Main - Operation selected: 4
2024-10-16 13:30:17.940 [main] INFO  org.example.Main - Power calculation: base = 2.0, exponent = 10.0, result = 1024.0
2024-10-16 13:30:19.985 [main] INFO  org.example.Main - Operation selected: 0
2024-10-16 13:30:19.985 [main] INFO  org.example.Main - Exiting the application
2024-10-16 17:59:26.689 [main] ERROR org.example.Main - Invalid input for sqrt operation: 'abc'. Error: For input string: "abc"
2024-10-16 17:59:26.700 [main] ERROR org.example.Main - Error in sqrt calculation: Square root of a negative number is not allowed.. Input: -4
2024-10-16 17:59:26.702 [main] INFO  org.example.Main - Logarithm calculation: operand = 10.0, result = 2.302585092994046
2024-10-16 17:59:26.704 [main] INFO  org.example.Main - Square root calculation: operand = 16.0, result = 4.0
2024-10-16 17:59:26.706 [main] ERROR org.example.Main - Error in logarithm calculation: Logarithm of zero or negative number is not allowed.. Input: -2
2024-10-16 17:59:26.708 [main] ERROR org.example.Main - Invalid input for power operation. Error: For input string: "two"
2024-10-16 17:59:26.710 [main] INFO  org.example.Main - Power calculation: base = 2.0, exponent = 3.0, result = 8.0
2024-10-16 17:59:26.713 [main] ERROR org.example.Main - Invalid input for logarithm operation: 'abc'. Error: For input string: "abc"
2024-10-16 17:59:26.717 [main] INFO  org.example.Main - Factorial calculation: operand = 5, result = 120
2024-10-16 17:59:26.721 [main] ERROR org.example.Main - Invalid input for factorial operation: 'abc'. Error: For input string: "abc"
2024-10-16 17:59:26.725 [main] ERROR org.example.Main - Error in factorial calculation: Factorial of a negative number is not defined.. Input: -5
2024-10-16 17:59:39.018 [main] ERROR org.example.Main - Invalid input for sqrt operation: 'abc'. Error: For input string: "abc"
2024-10-16 17:59:39.030 [main] ERROR org.example.Main - Error in sqrt calculation: Square root of a negative number is not allowed.. Input: -4
2024-10-16 17:59:39.032 [main] INFO  org.example.Main - Logarithm calculation: operand = 10.0, result = 2.302585092994046
2024-10-16 17:59:39.033 [main] INFO  org.example.Main - Square root calculation: operand = 16.0, result = 4.0
2024-10-16 17:59:39.034 [main] ERROR org.example.Main - Error in logarithm calculation: Logarithm of zero or negative number is not allowed.. Input: -2
2024-10-16 17:59:39.035 [main] ERROR org.example.Main - Invalid input for power operation. Error: For input string: "two"
2024-10-16 17:59:39.037 [main] INFO  org.example.Main - Power calculation: base = 2.0, exponent = 3.0, result = 8.0
2024-10-16 17:59:39.038 [main] ERROR org.example.Main - Invalid input for logarithm operation: 'abc'. Error: For input string: "abc"
2024-10-16 17:59:39.039 [main] INFO  org.example.Main - Factorial calculation: operand = 5, result = 120
2024-10-16 17:59:39.041 [main] ERROR org.example.Main - Invalid input for factorial operation: 'abc'. Error: For input string: "abc"
2024-10-16 17:59:39.042 [main] ERROR org.example.Main - Error in factorial calculation: Factorial of a negative number is not defined.. Input: -5
